mode: atomic
github.com/pgvillage-tools/pgfga/cmd/pgfga/pgfga.go:9.13,13.16 3 0
github.com/pgvillage-tools/pgfga/cmd/pgfga/pgfga.go:13.16,15.3 1 0
github.com/pgvillage-tools/pgfga/cmd/pgfga/pgfga.go:17.2,17.14 1 0
github.com/pgvillage-tools/pgfga/internal/config.go:59.48,68.13 8 0
github.com/pgvillage-tools/pgfga/internal/config.go:68.13,71.3 2 0
github.com/pgvillage-tools/pgfga/internal/config.go:72.2,72.22 1 0
github.com/pgvillage-tools/pgfga/internal/config.go:72.22,74.3 1 0
github.com/pgvillage-tools/pgfga/internal/config.go:75.2,76.16 2 0
github.com/pgvillage-tools/pgfga/internal/config.go:76.16,78.3 1 0
github.com/pgvillage-tools/pgfga/internal/config.go:82.2,83.16 2 0
github.com/pgvillage-tools/pgfga/internal/config.go:83.16,85.3 1 0
github.com/pgvillage-tools/pgfga/internal/config.go:86.2,88.20 3 0
github.com/pgvillage-tools/pgfga/internal/generic.go:9.45,11.16 2 0
github.com/pgvillage-tools/pgfga/internal/generic.go:11.16,13.3 1 0
github.com/pgvillage-tools/pgfga/internal/generic.go:14.2,14.8 1 0
github.com/pgvillage-tools/pgfga/internal/pgfga_handler.go:18.19,30.2 6 0
github.com/pgvillage-tools/pgfga/internal/pgfga_handler.go:38.55,40.16 2 0
github.com/pgvillage-tools/pgfga/internal/pgfga_handler.go:40.16,42.3 1 0
github.com/pgvillage-tools/pgfga/internal/pgfga_handler.go:44.2,54.17 5 0
github.com/pgvillage-tools/pgfga/internal/pgfga_handler.go:57.34,61.16 3 0
github.com/pgvillage-tools/pgfga/internal/pgfga_handler.go:61.16,63.3 1 0
github.com/pgvillage-tools/pgfga/internal/pgfga_handler.go:64.2,65.16 2 0
github.com/pgvillage-tools/pgfga/internal/pgfga_handler.go:65.16,67.3 1 0
github.com/pgvillage-tools/pgfga/internal/pgfga_handler.go:68.2,69.16 2 0
github.com/pgvillage-tools/pgfga/internal/pgfga_handler.go:69.16,71.3 1 0
github.com/pgvillage-tools/pgfga/internal/pgfga_handler.go:72.2,73.16 2 0
github.com/pgvillage-tools/pgfga/internal/pgfga_handler.go:73.16,75.3 1 0
github.com/pgvillage-tools/pgfga/internal/pgfga_handler.go:78.51,79.58 1 0
github.com/pgvillage-tools/pgfga/internal/pgfga_handler.go:79.58,81.49 2 0
github.com/pgvillage-tools/pgfga/internal/pgfga_handler.go:81.49,83.18 2 0
github.com/pgvillage-tools/pgfga/internal/pgfga_handler.go:83.18,85.5 1 0
github.com/pgvillage-tools/pgfga/internal/pgfga_handler.go:86.4,86.32 1 0
github.com/pgvillage-tools/pgfga/internal/pgfga_handler.go:88.3,88.26 1 0
github.com/pgvillage-tools/pgfga/internal/pgfga_handler.go:89.21,91.58 2 0
github.com/pgvillage-tools/pgfga/internal/pgfga_handler.go:91.58,93.5 1 0
github.com/pgvillage-tools/pgfga/internal/pgfga_handler.go:94.4,95.18 2 0
github.com/pgvillage-tools/pgfga/internal/pgfga_handler.go:95.18,97.5 1 0
github.com/pgvillage-tools/pgfga/internal/pgfga_handler.go:98.4,99.18 2 0
github.com/pgvillage-tools/pgfga/internal/pgfga_handler.go:99.18,101.5 1 0
github.com/pgvillage-tools/pgfga/internal/pgfga_handler.go:102.4,103.18 2 0
github.com/pgvillage-tools/pgfga/internal/pgfga_handler.go:103.18,105.5 1 0
github.com/pgvillage-tools/pgfga/internal/pgfga_handler.go:106.4,106.50 1 0
github.com/pgvillage-tools/pgfga/internal/pgfga_handler.go:106.50,108.19 2 0
github.com/pgvillage-tools/pgfga/internal/pgfga_handler.go:108.19,110.6 1 0
github.com/pgvillage-tools/pgfga/internal/pgfga_handler.go:111.5,112.19 2 0
github.com/pgvillage-tools/pgfga/internal/pgfga_handler.go:112.19,114.6 1 0
github.com/pgvillage-tools/pgfga/internal/pgfga_handler.go:116.34,120.18 4 0
github.com/pgvillage-tools/pgfga/internal/pgfga_handler.go:120.18,122.5 1 0
github.com/pgvillage-tools/pgfga/internal/pgfga_handler.go:123.4,124.18 2 0
github.com/pgvillage-tools/pgfga/internal/pgfga_handler.go:124.18,126.5 1 0
github.com/pgvillage-tools/pgfga/internal/pgfga_handler.go:127.4,127.31 1 0
github.com/pgvillage-tools/pgfga/internal/pgfga_handler.go:127.31,128.49 1 0
github.com/pgvillage-tools/pgfga/internal/pgfga_handler.go:128.49,130.20 2 0
github.com/pgvillage-tools/pgfga/internal/pgfga_handler.go:130.20,132.7 1 0
github.com/pgvillage-tools/pgfga/internal/pgfga_handler.go:135.26,138.18 3 0
github.com/pgvillage-tools/pgfga/internal/pgfga_handler.go:138.18,140.5 1 0
github.com/pgvillage-tools/pgfga/internal/pgfga_handler.go:142.4,143.18 2 0
github.com/pgvillage-tools/pgfga/internal/pgfga_handler.go:143.18,145.5 1 0
github.com/pgvillage-tools/pgfga/internal/pgfga_handler.go:146.4,147.18 2 0
github.com/pgvillage-tools/pgfga/internal/pgfga_handler.go:147.18,149.5 1 0
github.com/pgvillage-tools/pgfga/internal/pgfga_handler.go:150.11,151.72 1 0
github.com/pgvillage-tools/pgfga/internal/pgfga_handler.go:154.2,154.12 1 0
github.com/pgvillage-tools/pgfga/internal/pgfga_handler.go:157.55,159.2 1 0
github.com/pgvillage-tools/pgfga/internal/pgfga_handler.go:161.51,162.53 1 0
github.com/pgvillage-tools/pgfga/internal/pgfga_handler.go:162.53,164.49 2 0
github.com/pgvillage-tools/pgfga/internal/pgfga_handler.go:164.49,166.18 2 0
github.com/pgvillage-tools/pgfga/internal/pgfga_handler.go:166.18,168.5 1 0
github.com/pgvillage-tools/pgfga/internal/pgfga_handler.go:169.4,169.32 1 0
github.com/pgvillage-tools/pgfga/internal/pgfga_handler.go:171.3,172.17 2 0
github.com/pgvillage-tools/pgfga/internal/pgfga_handler.go:172.17,174.4 1 0
github.com/pgvillage-tools/pgfga/internal/pgfga_handler.go:175.3,175.49 1 0
github.com/pgvillage-tools/pgfga/internal/pgfga_handler.go:175.49,177.18 2 0
github.com/pgvillage-tools/pgfga/internal/pgfga_handler.go:177.18,179.5 1 0
github.com/pgvillage-tools/pgfga/internal/pgfga_handler.go:180.4,181.18 2 0
github.com/pgvillage-tools/pgfga/internal/pgfga_handler.go:181.18,183.5 1 0
github.com/pgvillage-tools/pgfga/internal/pgfga_handler.go:186.2,186.12 1 0
github.com/pgvillage-tools/pgfga/internal/pgfga_handler.go:188.51,190.2 1 0
github.com/pgvillage-tools/pgfga/pkg/pg/conn.go:17.40,21.2 1 0
github.com/pgvillage-tools/pgfga/pkg/pg/conn.go:23.41,25.8 2 0
github.com/pgvillage-tools/pgfga/pkg/pg/conn.go:25.8,27.3 1 0
github.com/pgvillage-tools/pgfga/pkg/pg/conn.go:28.2,29.17 2 0
github.com/pgvillage-tools/pgfga/pkg/pg/conn.go:29.17,31.3 1 0
github.com/pgvillage-tools/pgfga/pkg/pg/conn.go:32.2,32.21 1 0
github.com/pgvillage-tools/pgfga/pkg/pg/conn.go:35.45,37.8 2 0
github.com/pgvillage-tools/pgfga/pkg/pg/conn.go:37.8,39.3 1 0
github.com/pgvillage-tools/pgfga/pkg/pg/conn.go:40.2,41.17 2 0
github.com/pgvillage-tools/pgfga/pkg/pg/conn.go:41.17,43.3 1 0
github.com/pgvillage-tools/pgfga/pkg/pg/conn.go:44.2,45.16 2 0
github.com/pgvillage-tools/pgfga/pkg/pg/conn.go:45.16,46.41 1 0
github.com/pgvillage-tools/pgfga/pkg/pg/conn.go:48.2,48.29 1 0
github.com/pgvillage-tools/pgfga/pkg/pg/conn.go:51.35,53.39 2 0
github.com/pgvillage-tools/pgfga/pkg/pg/conn.go:53.39,55.3 1 0
github.com/pgvillage-tools/pgfga/pkg/pg/conn.go:56.2,56.36 1 0
github.com/pgvillage-tools/pgfga/pkg/pg/conn.go:59.38,60.19 1 0
github.com/pgvillage-tools/pgfga/pkg/pg/conn.go:60.19,61.24 1 0
github.com/pgvillage-tools/pgfga/pkg/pg/conn.go:61.24,63.4 1 0
github.com/pgvillage-tools/pgfga/pkg/pg/conn.go:63.9,65.4 1 0
github.com/pgvillage-tools/pgfga/pkg/pg/conn.go:67.2,68.16 2 0
github.com/pgvillage-tools/pgfga/pkg/pg/conn.go:68.16,71.3 2 0
github.com/pgvillage-tools/pgfga/pkg/pg/conn.go:72.2,72.12 1 0
github.com/pgvillage-tools/pgfga/pkg/pg/conn.go:75.91,77.16 2 0
github.com/pgvillage-tools/pgfga/pkg/pg/conn.go:77.16,79.3 1 0
github.com/pgvillage-tools/pgfga/pkg/pg/conn.go:80.2,82.26 3 0
github.com/pgvillage-tools/pgfga/pkg/pg/conn.go:82.26,84.3 1 0
github.com/pgvillage-tools/pgfga/pkg/pg/conn.go:85.2,85.16 1 0
github.com/pgvillage-tools/pgfga/pkg/pg/conn.go:85.16,87.3 1 0
github.com/pgvillage-tools/pgfga/pkg/pg/conn.go:88.2,88.19 1 0
github.com/pgvillage-tools/pgfga/pkg/pg/conn.go:91.76,93.16 2 0
github.com/pgvillage-tools/pgfga/pkg/pg/conn.go:93.16,95.3 1 0
github.com/pgvillage-tools/pgfga/pkg/pg/conn.go:96.2,97.12 2 0
github.com/pgvillage-tools/pgfga/pkg/pg/conn.go:100.98,102.16 2 0
github.com/pgvillage-tools/pgfga/pkg/pg/conn.go:102.16,104.3 1 0
github.com/pgvillage-tools/pgfga/pkg/pg/conn.go:106.2,107.16 2 0
github.com/pgvillage-tools/pgfga/pkg/pg/conn.go:107.16,109.3 1 0
github.com/pgvillage-tools/pgfga/pkg/pg/conn.go:110.2,110.20 1 0
github.com/pgvillage-tools/pgfga/pkg/pg/database.go:22.77,24.12 2 0
github.com/pgvillage-tools/pgfga/pkg/pg/database.go:24.12,25.24 1 0
github.com/pgvillage-tools/pgfga/pkg/pg/database.go:25.24,29.4 2 0
github.com/pgvillage-tools/pgfga/pkg/pg/database.go:30.3,30.12 1 0
github.com/pgvillage-tools/pgfga/pkg/pg/database.go:32.2,40.10 4 0
github.com/pgvillage-tools/pgfga/pkg/pg/database.go:44.34,45.19 1 0
github.com/pgvillage-tools/pgfga/pkg/pg/database.go:45.19,47.3 1 0
github.com/pgvillage-tools/pgfga/pkg/pg/database.go:48.2,48.38 1 0
github.com/pgvillage-tools/pgfga/pkg/pg/database.go:48.38,51.3 2 0
github.com/pgvillage-tools/pgfga/pkg/pg/database.go:54.48,55.19 1 0
github.com/pgvillage-tools/pgfga/pkg/pg/database.go:55.19,57.3 1 0
github.com/pgvillage-tools/pgfga/pkg/pg/database.go:59.2,59.39 1 0
github.com/pgvillage-tools/pgfga/pkg/pg/database.go:59.39,62.3 2 0
github.com/pgvillage-tools/pgfga/pkg/pg/database.go:64.2,65.52 2 0
github.com/pgvillage-tools/pgfga/pkg/pg/database.go:65.52,67.3 1 0
github.com/pgvillage-tools/pgfga/pkg/pg/database.go:68.2,70.15 3 0
github.com/pgvillage-tools/pgfga/pkg/pg/database.go:73.39,75.34 2 0
github.com/pgvillage-tools/pgfga/pkg/pg/database.go:75.34,78.3 2 0
github.com/pgvillage-tools/pgfga/pkg/pg/database.go:79.2,80.16 2 0
github.com/pgvillage-tools/pgfga/pkg/pg/database.go:80.16,82.3 1 0
github.com/pgvillage-tools/pgfga/pkg/pg/database.go:83.2,83.12 1 0
github.com/pgvillage-tools/pgfga/pkg/pg/database.go:83.12,85.17 2 0
github.com/pgvillage-tools/pgfga/pkg/pg/database.go:85.17,87.4 1 0
github.com/pgvillage-tools/pgfga/pkg/pg/database.go:88.3,88.57 1 0
github.com/pgvillage-tools/pgfga/pkg/pg/database.go:90.2,91.12 2 0
github.com/pgvillage-tools/pgfga/pkg/pg/database.go:94.40,98.16 3 0
github.com/pgvillage-tools/pgfga/pkg/pg/database.go:98.16,100.3 1 0
github.com/pgvillage-tools/pgfga/pkg/pg/database.go:101.2,101.13 1 0
github.com/pgvillage-tools/pgfga/pkg/pg/database.go:101.13,103.17 2 0
github.com/pgvillage-tools/pgfga/pkg/pg/database.go:103.17,105.4 1 0
github.com/pgvillage-tools/pgfga/pkg/pg/database.go:106.3,106.57 1 0
github.com/pgvillage-tools/pgfga/pkg/pg/database.go:108.2,109.16 2 0
github.com/pgvillage-tools/pgfga/pkg/pg/database.go:109.16,111.3 1 0
github.com/pgvillage-tools/pgfga/pkg/pg/database.go:112.2,112.13 1 0
github.com/pgvillage-tools/pgfga/pkg/pg/database.go:112.13,115.17 2 0
github.com/pgvillage-tools/pgfga/pkg/pg/database.go:115.17,117.4 1 0
github.com/pgvillage-tools/pgfga/pkg/pg/database.go:119.3,120.17 2 0
github.com/pgvillage-tools/pgfga/pkg/pg/database.go:120.17,122.4 1 0
github.com/pgvillage-tools/pgfga/pkg/pg/database.go:123.3,123.83 1 0
github.com/pgvillage-tools/pgfga/pkg/pg/database.go:125.2,126.16 2 0
github.com/pgvillage-tools/pgfga/pkg/pg/database.go:126.16,128.3 1 0
github.com/pgvillage-tools/pgfga/pkg/pg/database.go:129.2,130.16 2 0
github.com/pgvillage-tools/pgfga/pkg/pg/database.go:130.16,132.3 1 0
github.com/pgvillage-tools/pgfga/pkg/pg/database.go:133.2,135.16 3 0
github.com/pgvillage-tools/pgfga/pkg/pg/database.go:135.16,137.3 1 0
github.com/pgvillage-tools/pgfga/pkg/pg/database.go:138.2,138.46 1 0
github.com/pgvillage-tools/pgfga/pkg/pg/database.go:141.74,144.16 3 0
github.com/pgvillage-tools/pgfga/pkg/pg/database.go:144.16,146.3 1 0
github.com/pgvillage-tools/pgfga/pkg/pg/database.go:147.2,155.6 5 0
github.com/pgvillage-tools/pgfga/pkg/pg/database.go:155.6,157.31 2 0
github.com/pgvillage-tools/pgfga/pkg/pg/database.go:157.31,158.9 1 0
github.com/pgvillage-tools/pgfga/pkg/pg/database.go:159.9,159.28 1 0
github.com/pgvillage-tools/pgfga/pkg/pg/database.go:159.28,161.4 1 0
github.com/pgvillage-tools/pgfga/pkg/pg/database.go:162.3,162.36 1 0
github.com/pgvillage-tools/pgfga/pkg/pg/database.go:164.2,164.33 1 0
github.com/pgvillage-tools/pgfga/pkg/pg/database.go:164.33,167.17 2 0
github.com/pgvillage-tools/pgfga/pkg/pg/database.go:167.17,169.4 1 0
github.com/pgvillage-tools/pgfga/pkg/pg/database.go:170.3,170.124 1 0
github.com/pgvillage-tools/pgfga/pkg/pg/database.go:172.2,172.12 1 0
github.com/pgvillage-tools/pgfga/pkg/pg/database.go:175.103,177.16 2 0
github.com/pgvillage-tools/pgfga/pkg/pg/database.go:177.16,179.3 1 0
github.com/pgvillage-tools/pgfga/pkg/pg/database.go:180.2,181.15 2 0
github.com/pgvillage-tools/pgfga/pkg/pg/database.go:184.57,185.33 1 0
github.com/pgvillage-tools/pgfga/pkg/pg/database.go:185.33,186.21 1 0
github.com/pgvillage-tools/pgfga/pkg/pg/database.go:186.21,188.4 1 0
github.com/pgvillage-tools/pgfga/pkg/pg/database.go:188.9,190.4 1 0
github.com/pgvillage-tools/pgfga/pkg/pg/database.go:191.3,191.17 1 0
github.com/pgvillage-tools/pgfga/pkg/pg/database.go:191.17,193.4 1 0
github.com/pgvillage-tools/pgfga/pkg/pg/database.go:195.2,195.12 1 0
github.com/pgvillage-tools/pgfga/pkg/pg/extension.go:18.103,20.12 2 0
github.com/pgvillage-tools/pgfga/pkg/pg/extension.go:20.12,21.57 1 0
github.com/pgvillage-tools/pgfga/pkg/pg/extension.go:21.57,24.4 1 0
github.com/pgvillage-tools/pgfga/pkg/pg/extension.go:25.3,25.18 1 0
github.com/pgvillage-tools/pgfga/pkg/pg/extension.go:27.2,35.15 3 0
github.com/pgvillage-tools/pgfga/pkg/pg/extension.go:38.40,41.44 3 0
github.com/pgvillage-tools/pgfga/pkg/pg/extension.go:41.44,44.3 2 0
github.com/pgvillage-tools/pgfga/pkg/pg/extension.go:45.2,47.16 3 0
github.com/pgvillage-tools/pgfga/pkg/pg/extension.go:47.16,49.3 1 0
github.com/pgvillage-tools/pgfga/pkg/pg/extension.go:50.2,50.13 1 0
github.com/pgvillage-tools/pgfga/pkg/pg/extension.go:50.13,52.3 1 0
github.com/pgvillage-tools/pgfga/pkg/pg/extension.go:54.2,56.16 3 0
github.com/pgvillage-tools/pgfga/pkg/pg/extension.go:56.16,58.3 1 0
github.com/pgvillage-tools/pgfga/pkg/pg/extension.go:59.2,61.12 3 0
github.com/pgvillage-tools/pgfga/pkg/pg/extension.go:64.41,69.16 3 0
github.com/pgvillage-tools/pgfga/pkg/pg/extension.go:69.16,71.3 1 0
github.com/pgvillage-tools/pgfga/pkg/pg/extension.go:72.2,72.13 1 0
github.com/pgvillage-tools/pgfga/pkg/pg/extension.go:72.13,74.3 1 0
github.com/pgvillage-tools/pgfga/pkg/pg/extension.go:75.2,77.16 2 0
github.com/pgvillage-tools/pgfga/pkg/pg/extension.go:77.16,79.3 1 0
github.com/pgvillage-tools/pgfga/pkg/pg/extension.go:80.2,80.13 1 0
github.com/pgvillage-tools/pgfga/pkg/pg/extension.go:80.13,82.3 1 0
github.com/pgvillage-tools/pgfga/pkg/pg/extension.go:83.2,84.16 2 0
github.com/pgvillage-tools/pgfga/pkg/pg/extension.go:84.16,86.3 1 0
github.com/pgvillage-tools/pgfga/pkg/pg/extension.go:87.2,87.13 1 0
github.com/pgvillage-tools/pgfga/pkg/pg/extension.go:87.13,89.21 2 0
github.com/pgvillage-tools/pgfga/pkg/pg/extension.go:89.21,91.4 1 0
github.com/pgvillage-tools/pgfga/pkg/pg/extension.go:92.3,92.22 1 0
github.com/pgvillage-tools/pgfga/pkg/pg/extension.go:92.22,94.4 1 0
github.com/pgvillage-tools/pgfga/pkg/pg/extension.go:95.3,96.17 2 0
github.com/pgvillage-tools/pgfga/pkg/pg/extension.go:96.17,98.4 1 0
github.com/pgvillage-tools/pgfga/pkg/pg/extension.go:99.3,100.13 2 0
github.com/pgvillage-tools/pgfga/pkg/pg/extension.go:102.2,102.21 1 0
github.com/pgvillage-tools/pgfga/pkg/pg/extension.go:102.21,104.17 2 0
github.com/pgvillage-tools/pgfga/pkg/pg/extension.go:104.17,106.4 1 0
github.com/pgvillage-tools/pgfga/pkg/pg/extension.go:107.3,107.34 1 0
github.com/pgvillage-tools/pgfga/pkg/pg/extension.go:107.34,110.18 2 0
github.com/pgvillage-tools/pgfga/pkg/pg/extension.go:110.18,112.5 1 0
github.com/pgvillage-tools/pgfga/pkg/pg/extension.go:113.4,113.102 1 0
github.com/pgvillage-tools/pgfga/pkg/pg/extension.go:116.2,116.20 1 0
github.com/pgvillage-tools/pgfga/pkg/pg/extension.go:116.20,122.17 3 0
github.com/pgvillage-tools/pgfga/pkg/pg/extension.go:122.17,124.4 1 0
github.com/pgvillage-tools/pgfga/pkg/pg/extension.go:125.3,125.32 1 0
github.com/pgvillage-tools/pgfga/pkg/pg/extension.go:125.32,127.18 2 0
github.com/pgvillage-tools/pgfga/pkg/pg/extension.go:127.18,129.5 1 0
github.com/pgvillage-tools/pgfga/pkg/pg/extension.go:130.4,130.98 1 0
github.com/pgvillage-tools/pgfga/pkg/pg/extension.go:133.2,133.12 1 0
github.com/pgvillage-tools/pgfga/pkg/pg/handler.go:11.109,19.33 2 0
github.com/pgvillage-tools/pgfga/pkg/pg/handler.go:19.33,22.3 2 0
github.com/pgvillage-tools/pgfga/pkg/pg/handler.go:23.2,24.11 2 0
github.com/pgvillage-tools/pgfga/pkg/pg/handler.go:27.34,28.37 1 0
github.com/pgvillage-tools/pgfga/pkg/pg/handler.go:28.37,32.3 3 0
github.com/pgvillage-tools/pgfga/pkg/pg/handler.go:33.2,33.33 1 0
github.com/pgvillage-tools/pgfga/pkg/pg/handler.go:33.33,36.3 2 0
github.com/pgvillage-tools/pgfga/pkg/pg/handler.go:39.55,42.2 1 0
github.com/pgvillage-tools/pgfga/pkg/pg/handler.go:44.66,47.2 1 0
github.com/pgvillage-tools/pgfga/pkg/pg/handler.go:49.82,52.16 2 0
github.com/pgvillage-tools/pgfga/pkg/pg/handler.go:52.16,54.3 1 0
github.com/pgvillage-tools/pgfga/pkg/pg/handler.go:55.2,56.16 2 0
github.com/pgvillage-tools/pgfga/pkg/pg/handler.go:56.16,58.3 1 0
github.com/pgvillage-tools/pgfga/pkg/pg/handler.go:59.2,59.35 1 0
github.com/pgvillage-tools/pgfga/pkg/pg/handler.go:61.56,62.33 1 0
github.com/pgvillage-tools/pgfga/pkg/pg/handler.go:62.33,63.21 1 0
github.com/pgvillage-tools/pgfga/pkg/pg/handler.go:63.21,65.4 1 0
github.com/pgvillage-tools/pgfga/pkg/pg/handler.go:65.9,67.4 1 0
github.com/pgvillage-tools/pgfga/pkg/pg/handler.go:68.3,68.17 1 0
github.com/pgvillage-tools/pgfga/pkg/pg/handler.go:68.17,70.4 1 0
github.com/pgvillage-tools/pgfga/pkg/pg/handler.go:72.2,72.12 1 0
github.com/pgvillage-tools/pgfga/pkg/pg/handler.go:75.52,76.29 1 0
github.com/pgvillage-tools/pgfga/pkg/pg/handler.go:76.29,77.21 1 0
github.com/pgvillage-tools/pgfga/pkg/pg/handler.go:77.21,79.4 1 0
github.com/pgvillage-tools/pgfga/pkg/pg/handler.go:79.9,81.4 1 0
github.com/pgvillage-tools/pgfga/pkg/pg/handler.go:82.3,82.17 1 0
github.com/pgvillage-tools/pgfga/pkg/pg/handler.go:82.17,84.4 1 0
github.com/pgvillage-tools/pgfga/pkg/pg/handler.go:86.2,86.12 1 0
github.com/pgvillage-tools/pgfga/pkg/pg/handler.go:89.49,91.2 1 0
github.com/pgvillage-tools/pgfga/pkg/pg/handler.go:93.53,95.2 1 0
github.com/pgvillage-tools/pgfga/pkg/pg/handler.go:96.54,98.2 1 0
github.com/pgvillage-tools/pgfga/pkg/pg/main.go:12.44,14.2 1 0
github.com/pgvillage-tools/pgfga/pkg/pg/main.go:28.53,30.2 1 0
github.com/pgvillage-tools/pgfga/pkg/pg/main.go:33.57,35.2 1 0
github.com/pgvillage-tools/pgfga/pkg/pg/main.go:38.61,40.2 1 0
github.com/pgvillage-tools/pgfga/pkg/pg/replicationslot.go:11.67,12.47 1 0
github.com/pgvillage-tools/pgfga/pkg/pg/replicationslot.go:12.47,14.3 1 0
github.com/pgvillage-tools/pgfga/pkg/pg/replicationslot.go:15.2,21.11 3 0
github.com/pgvillage-tools/pgfga/pkg/pg/replicationslot.go:24.46,26.30 2 0
github.com/pgvillage-tools/pgfga/pkg/pg/replicationslot.go:26.30,29.3 2 0
github.com/pgvillage-tools/pgfga/pkg/pg/replicationslot.go:30.2,31.16 2 0
github.com/pgvillage-tools/pgfga/pkg/pg/replicationslot.go:31.16,33.3 1 0
github.com/pgvillage-tools/pgfga/pkg/pg/replicationslot.go:34.2,34.12 1 0
github.com/pgvillage-tools/pgfga/pkg/pg/replicationslot.go:34.12,36.17 2 0
github.com/pgvillage-tools/pgfga/pkg/pg/replicationslot.go:36.17,38.4 1 0
github.com/pgvillage-tools/pgfga/pkg/pg/replicationslot.go:39.3,39.66 1 0
github.com/pgvillage-tools/pgfga/pkg/pg/replicationslot.go:41.2,41.12 1 0
github.com/pgvillage-tools/pgfga/pkg/pg/replicationslot.go:44.48,48.16 3 0
github.com/pgvillage-tools/pgfga/pkg/pg/replicationslot.go:48.16,50.3 1 0
github.com/pgvillage-tools/pgfga/pkg/pg/replicationslot.go:51.2,51.13 1 0
github.com/pgvillage-tools/pgfga/pkg/pg/replicationslot.go:51.13,53.17 2 0
github.com/pgvillage-tools/pgfga/pkg/pg/replicationslot.go:53.17,55.4 1 0
github.com/pgvillage-tools/pgfga/pkg/pg/replicationslot.go:56.3,56.54 1 0
github.com/pgvillage-tools/pgfga/pkg/pg/replicationslot.go:58.2,58.12 1 0
github.com/pgvillage-tools/pgfga/pkg/pg/role.go:24.100,26.12 2 0
github.com/pgvillage-tools/pgfga/pkg/pg/role.go:26.12,27.40 1 0
github.com/pgvillage-tools/pgfga/pkg/pg/role.go:27.40,28.35 1 0
github.com/pgvillage-tools/pgfga/pkg/pg/role.go:28.35,31.5 1 0
github.com/pgvillage-tools/pgfga/pkg/pg/role.go:33.3,33.34 1 0
github.com/pgvillage-tools/pgfga/pkg/pg/role.go:33.34,35.4 1 0
github.com/pgvillage-tools/pgfga/pkg/pg/role.go:36.3,36.20 1 0
github.com/pgvillage-tools/pgfga/pkg/pg/role.go:38.2,44.18 2 0
github.com/pgvillage-tools/pgfga/pkg/pg/role.go:44.18,46.3 1 0
github.com/pgvillage-tools/pgfga/pkg/pg/role.go:46.8,48.3 1 0
github.com/pgvillage-tools/pgfga/pkg/pg/role.go:49.2,49.16 1 0
github.com/pgvillage-tools/pgfga/pkg/pg/role.go:49.16,51.3 1 0
github.com/pgvillage-tools/pgfga/pkg/pg/role.go:52.2,53.15 2 0
github.com/pgvillage-tools/pgfga/pkg/pg/role.go:56.35,59.29 3 0
github.com/pgvillage-tools/pgfga/pkg/pg/role.go:59.29,62.3 2 0
github.com/pgvillage-tools/pgfga/pkg/pg/role.go:63.2,65.16 3 0
github.com/pgvillage-tools/pgfga/pkg/pg/role.go:65.16,67.3 1 0
github.com/pgvillage-tools/pgfga/pkg/pg/role.go:68.2,68.13 1 0
github.com/pgvillage-tools/pgfga/pkg/pg/role.go:68.13,71.3 2 0
github.com/pgvillage-tools/pgfga/pkg/pg/role.go:72.2,77.6 5 0
github.com/pgvillage-tools/pgfga/pkg/pg/role.go:77.6,79.31 2 0
github.com/pgvillage-tools/pgfga/pkg/pg/role.go:79.31,80.9 1 0
github.com/pgvillage-tools/pgfga/pkg/pg/role.go:81.9,81.28 1 0
github.com/pgvillage-tools/pgfga/pkg/pg/role.go:81.28,83.4 1 0
github.com/pgvillage-tools/pgfga/pkg/pg/role.go:84.3,86.17 3 0
github.com/pgvillage-tools/pgfga/pkg/pg/role.go:86.17,88.4 1 0
github.com/pgvillage-tools/pgfga/pkg/pg/role.go:89.3,89.92 1 0
github.com/pgvillage-tools/pgfga/pkg/pg/role.go:91.2,92.16 2 0
github.com/pgvillage-tools/pgfga/pkg/pg/role.go:92.16,94.3 1 0
github.com/pgvillage-tools/pgfga/pkg/pg/role.go:95.2,97.12 3 0
github.com/pgvillage-tools/pgfga/pkg/pg/role.go:100.36,103.16 3 0
github.com/pgvillage-tools/pgfga/pkg/pg/role.go:103.16,105.3 1 0
github.com/pgvillage-tools/pgfga/pkg/pg/role.go:106.2,106.13 1 0
github.com/pgvillage-tools/pgfga/pkg/pg/role.go:106.13,108.17 2 0
github.com/pgvillage-tools/pgfga/pkg/pg/role.go:108.17,110.4 1 0
github.com/pgvillage-tools/pgfga/pkg/pg/role.go:111.3,111.53 1 0
github.com/pgvillage-tools/pgfga/pkg/pg/role.go:113.2,113.35 1 0
github.com/pgvillage-tools/pgfga/pkg/pg/role.go:113.35,115.17 2 0
github.com/pgvillage-tools/pgfga/pkg/pg/role.go:115.17,117.4 1 0
github.com/pgvillage-tools/pgfga/pkg/pg/role.go:119.2,119.12 1 0
github.com/pgvillage-tools/pgfga/pkg/pg/role.go:122.60,126.16 4 0
github.com/pgvillage-tools/pgfga/pkg/pg/role.go:126.16,128.3 1 0
github.com/pgvillage-tools/pgfga/pkg/pg/role.go:129.2,129.13 1 0
github.com/pgvillage-tools/pgfga/pkg/pg/role.go:129.13,131.17 2 0
github.com/pgvillage-tools/pgfga/pkg/pg/role.go:131.17,133.4 1 0
github.com/pgvillage-tools/pgfga/pkg/pg/role.go:134.3,134.79 1 0
github.com/pgvillage-tools/pgfga/pkg/pg/role.go:136.2,136.12 1 0
github.com/pgvillage-tools/pgfga/pkg/pg/role.go:139.56,147.16 4 0
github.com/pgvillage-tools/pgfga/pkg/pg/role.go:147.16,149.3 1 0
github.com/pgvillage-tools/pgfga/pkg/pg/role.go:150.2,150.13 1 0
github.com/pgvillage-tools/pgfga/pkg/pg/role.go:150.13,152.17 2 0
github.com/pgvillage-tools/pgfga/pkg/pg/role.go:152.17,154.4 1 0
github.com/pgvillage-tools/pgfga/pkg/pg/role.go:155.3,155.84 1 0
github.com/pgvillage-tools/pgfga/pkg/pg/role.go:156.8,158.3 1 0
github.com/pgvillage-tools/pgfga/pkg/pg/role.go:159.2,159.12 1 0
github.com/pgvillage-tools/pgfga/pkg/pg/role.go:162.55,170.16 4 0
github.com/pgvillage-tools/pgfga/pkg/pg/role.go:170.16,172.3 1 0
github.com/pgvillage-tools/pgfga/pkg/pg/role.go:173.2,173.12 1 0
github.com/pgvillage-tools/pgfga/pkg/pg/role.go:173.12,175.17 2 0
github.com/pgvillage-tools/pgfga/pkg/pg/role.go:175.17,177.4 1 0
github.com/pgvillage-tools/pgfga/pkg/pg/role.go:178.3,178.78 1 0
github.com/pgvillage-tools/pgfga/pkg/pg/role.go:180.2,180.12 1 0
github.com/pgvillage-tools/pgfga/pkg/pg/role.go:183.56,184.20 1 0
github.com/pgvillage-tools/pgfga/pkg/pg/role.go:184.20,186.3 1 0
github.com/pgvillage-tools/pgfga/pkg/pg/role.go:187.2,188.63 2 0
github.com/pgvillage-tools/pgfga/pkg/pg/role.go:188.63,190.3 1 0
github.com/pgvillage-tools/pgfga/pkg/pg/role.go:190.8,193.3 1 0
github.com/pgvillage-tools/pgfga/pkg/pg/role.go:194.2,199.16 4 0
github.com/pgvillage-tools/pgfga/pkg/pg/role.go:199.16,201.3 1 0
github.com/pgvillage-tools/pgfga/pkg/pg/role.go:202.2,202.12 1 0
github.com/pgvillage-tools/pgfga/pkg/pg/role.go:202.12,205.17 2 0
github.com/pgvillage-tools/pgfga/pkg/pg/role.go:205.17,207.4 1 0
github.com/pgvillage-tools/pgfga/pkg/pg/role.go:208.3,208.66 1 0
github.com/pgvillage-tools/pgfga/pkg/pg/role.go:210.2,210.12 1 0
github.com/pgvillage-tools/pgfga/pkg/pg/role.go:213.43,218.16 4 0
github.com/pgvillage-tools/pgfga/pkg/pg/role.go:218.16,220.3 1 0
github.com/pgvillage-tools/pgfga/pkg/pg/role.go:221.2,221.12 1 0
github.com/pgvillage-tools/pgfga/pkg/pg/role.go:221.12,223.17 2 0
github.com/pgvillage-tools/pgfga/pkg/pg/role.go:223.17,225.4 1 0
github.com/pgvillage-tools/pgfga/pkg/pg/role.go:226.3,226.66 1 0
github.com/pgvillage-tools/pgfga/pkg/pg/role.go:228.2,228.12 1 0
github.com/pgvillage-tools/pgfga/pkg/pg/role.go:231.55,232.21 1 0
github.com/pgvillage-tools/pgfga/pkg/pg/role.go:232.21,234.3 1 0
github.com/pgvillage-tools/pgfga/pkg/pg/role.go:235.2,240.16 5 0
github.com/pgvillage-tools/pgfga/pkg/pg/role.go:240.16,242.3 1 0
github.com/pgvillage-tools/pgfga/pkg/pg/role.go:243.2,243.12 1 0
github.com/pgvillage-tools/pgfga/pkg/pg/role.go:243.12,246.17 2 0
github.com/pgvillage-tools/pgfga/pkg/pg/role.go:246.17,248.4 1 0
github.com/pgvillage-tools/pgfga/pkg/pg/role.go:249.3,249.64 1 0
github.com/pgvillage-tools/pgfga/pkg/pg/role.go:251.2,251.12 1 0
github.com/pgvillage-tools/pgfga/pkg/pg/role.go:254.41,258.16 4 0
github.com/pgvillage-tools/pgfga/pkg/pg/role.go:258.16,260.3 1 0
github.com/pgvillage-tools/pgfga/pkg/pg/role.go:261.2,261.12 1 0
github.com/pgvillage-tools/pgfga/pkg/pg/role.go:261.12,263.17 2 0
github.com/pgvillage-tools/pgfga/pkg/pg/role.go:263.17,265.4 1 0
github.com/pgvillage-tools/pgfga/pkg/pg/role.go:266.3,266.62 1 0
github.com/pgvillage-tools/pgfga/pkg/pg/role.go:268.2,268.12 1 0
github.com/pgvillage-tools/pgfga/pkg/pg/roleoptions.go:14.61,16.39 2 0
github.com/pgvillage-tools/pgfga/pkg/pg/roleoptions.go:16.39,19.3 2 0
github.com/pgvillage-tools/pgfga/pkg/pg/roleoptions.go:19.8,21.3 1 0
github.com/pgvillage-tools/pgfga/pkg/pg/roleoptions.go:22.2,22.51 1 0
github.com/pgvillage-tools/pgfga/pkg/pg/roleoptions.go:22.51,25.3 2 0
github.com/pgvillage-tools/pgfga/pkg/pg/roleoptions.go:26.2,27.41 2 0
github.com/pgvillage-tools/pgfga/pkg/pg/roleoptions.go:27.41,29.3 1 0
github.com/pgvillage-tools/pgfga/pkg/pg/roleoptions.go:30.2,30.124 1 0
github.com/pgvillage-tools/pgfga/pkg/pg/roleoptions.go:33.46,35.2 1 0
github.com/pgvillage-tools/pgfga/pkg/pg/roleoptions.go:37.46,39.50 2 0
github.com/pgvillage-tools/pgfga/pkg/pg/roleoptions.go:39.50,41.3 1 0
github.com/pgvillage-tools/pgfga/pkg/pg/roleoptions.go:42.2,42.17 1 0
github.com/pgvillage-tools/pgfga/pkg/pg/roleoptions.go:42.17,44.3 1 0
github.com/pgvillage-tools/pgfga/pkg/pg/roleoptions.go:45.2,45.34 1 0
github.com/pgvillage-tools/pgfga/pkg/pg/roleoptions.go:48.42,49.17 1 0
github.com/pgvillage-tools/pgfga/pkg/pg/roleoptions.go:49.17,51.3 1 0
github.com/pgvillage-tools/pgfga/pkg/pg/roleoptions.go:52.2,52.39 1 0
github.com/pgvillage-tools/pgfga/pkg/pg/roleoptions.go:54.53,60.2 1 0
github.com/pgvillage-tools/pgfga/pkg/pg/roleoptions.go:74.58,76.2 1 0
github.com/pgvillage-tools/pgfga/pkg/pg/roleoptions.go:79.79,81.41 2 0
github.com/pgvillage-tools/pgfga/pkg/pg/roleoptions.go:81.41,83.3 1 0
github.com/pgvillage-tools/pgfga/pkg/pg/roleoptions.go:84.2,85.16 2 0
github.com/pgvillage-tools/pgfga/pkg/pg/roleoptions.go:85.16,87.3 1 0
github.com/pgvillage-tools/pgfga/pkg/pg/roleoptions.go:88.2,91.12 4 0
github.com/pgvillage-tools/pgfga/pkg/pg/roleoptions.go:96.49,98.2 1 0
github.com/pgvillage-tools/pgfga/pkg/pg/state.go:31.32,32.28 1 0
github.com/pgvillage-tools/pgfga/pkg/pg/state.go:32.28,34.3 1 0
github.com/pgvillage-tools/pgfga/pkg/pg/state.go:35.2,35.18 1 0
github.com/pgvillage-tools/pgfga/pkg/pg/state.go:38.28,40.2 1 0
github.com/pgvillage-tools/pgfga/pkg/pg/state.go:43.51,45.2 1 0
github.com/pgvillage-tools/pgfga/pkg/pg/state.go:48.72,50.40 2 0
github.com/pgvillage-tools/pgfga/pkg/pg/state.go:50.40,52.3 1 0
github.com/pgvillage-tools/pgfga/pkg/pg/state.go:53.2,54.43 2 0
github.com/pgvillage-tools/pgfga/pkg/pg/state.go:54.43,57.3 2 0
github.com/pgvillage-tools/pgfga/pkg/pg/state.go:58.2,58.74 1 0
github.com/pgvillage-tools/pgfga/cmd/pgfga/pgfga.go:9.13,13.16 3 0
github.com/pgvillage-tools/pgfga/cmd/pgfga/pgfga.go:13.16,15.3 1 0
github.com/pgvillage-tools/pgfga/cmd/pgfga/pgfga.go:17.2,17.14 1 0
github.com/pgvillage-tools/pgfga/internal/config.go:59.48,68.13 8 0
github.com/pgvillage-tools/pgfga/internal/config.go:68.13,71.3 2 0
github.com/pgvillage-tools/pgfga/internal/config.go:72.2,72.22 1 0
github.com/pgvillage-tools/pgfga/internal/config.go:72.22,74.3 1 0
github.com/pgvillage-tools/pgfga/internal/config.go:75.2,76.16 2 0
github.com/pgvillage-tools/pgfga/internal/config.go:76.16,78.3 1 0
github.com/pgvillage-tools/pgfga/internal/config.go:82.2,83.16 2 0
github.com/pgvillage-tools/pgfga/internal/config.go:83.16,85.3 1 0
github.com/pgvillage-tools/pgfga/internal/config.go:86.2,88.20 3 0
github.com/pgvillage-tools/pgfga/internal/generic.go:9.45,11.16 2 0
github.com/pgvillage-tools/pgfga/internal/generic.go:11.16,13.3 1 0
github.com/pgvillage-tools/pgfga/internal/generic.go:14.2,14.8 1 0
github.com/pgvillage-tools/pgfga/internal/pgfga_handler.go:18.19,30.2 6 0
github.com/pgvillage-tools/pgfga/internal/pgfga_handler.go:38.55,40.16 2 0
github.com/pgvillage-tools/pgfga/internal/pgfga_handler.go:40.16,42.3 1 0
github.com/pgvillage-tools/pgfga/internal/pgfga_handler.go:44.2,54.17 5 0
github.com/pgvillage-tools/pgfga/internal/pgfga_handler.go:57.34,61.16 3 0
github.com/pgvillage-tools/pgfga/internal/pgfga_handler.go:61.16,63.3 1 0
github.com/pgvillage-tools/pgfga/internal/pgfga_handler.go:64.2,65.16 2 0
github.com/pgvillage-tools/pgfga/internal/pgfga_handler.go:65.16,67.3 1 0
github.com/pgvillage-tools/pgfga/internal/pgfga_handler.go:68.2,69.16 2 0
github.com/pgvillage-tools/pgfga/internal/pgfga_handler.go:69.16,71.3 1 0
github.com/pgvillage-tools/pgfga/internal/pgfga_handler.go:72.2,73.16 2 0
github.com/pgvillage-tools/pgfga/internal/pgfga_handler.go:73.16,75.3 1 0
github.com/pgvillage-tools/pgfga/internal/pgfga_handler.go:78.51,79.58 1 0
github.com/pgvillage-tools/pgfga/internal/pgfga_handler.go:79.58,81.49 2 0
github.com/pgvillage-tools/pgfga/internal/pgfga_handler.go:81.49,83.18 2 0
github.com/pgvillage-tools/pgfga/internal/pgfga_handler.go:83.18,85.5 1 0
github.com/pgvillage-tools/pgfga/internal/pgfga_handler.go:86.4,86.32 1 0
github.com/pgvillage-tools/pgfga/internal/pgfga_handler.go:88.3,88.26 1 0
github.com/pgvillage-tools/pgfga/internal/pgfga_handler.go:89.21,91.58 2 0
github.com/pgvillage-tools/pgfga/internal/pgfga_handler.go:91.58,93.5 1 0
github.com/pgvillage-tools/pgfga/internal/pgfga_handler.go:94.4,95.18 2 0
github.com/pgvillage-tools/pgfga/internal/pgfga_handler.go:95.18,97.5 1 0
github.com/pgvillage-tools/pgfga/internal/pgfga_handler.go:98.4,99.18 2 0
github.com/pgvillage-tools/pgfga/internal/pgfga_handler.go:99.18,101.5 1 0
github.com/pgvillage-tools/pgfga/internal/pgfga_handler.go:102.4,103.18 2 0
github.com/pgvillage-tools/pgfga/internal/pgfga_handler.go:103.18,105.5 1 0
github.com/pgvillage-tools/pgfga/internal/pgfga_handler.go:106.4,106.50 1 0
github.com/pgvillage-tools/pgfga/internal/pgfga_handler.go:106.50,108.19 2 0
github.com/pgvillage-tools/pgfga/internal/pgfga_handler.go:108.19,110.6 1 0
github.com/pgvillage-tools/pgfga/internal/pgfga_handler.go:111.5,112.19 2 0
github.com/pgvillage-tools/pgfga/internal/pgfga_handler.go:112.19,114.6 1 0
github.com/pgvillage-tools/pgfga/internal/pgfga_handler.go:116.34,120.18 4 0
github.com/pgvillage-tools/pgfga/internal/pgfga_handler.go:120.18,122.5 1 0
github.com/pgvillage-tools/pgfga/internal/pgfga_handler.go:123.4,124.18 2 0
github.com/pgvillage-tools/pgfga/internal/pgfga_handler.go:124.18,126.5 1 0
github.com/pgvillage-tools/pgfga/internal/pgfga_handler.go:127.4,127.31 1 0
github.com/pgvillage-tools/pgfga/internal/pgfga_handler.go:127.31,128.49 1 0
github.com/pgvillage-tools/pgfga/internal/pgfga_handler.go:128.49,130.20 2 0
github.com/pgvillage-tools/pgfga/internal/pgfga_handler.go:130.20,132.7 1 0
github.com/pgvillage-tools/pgfga/internal/pgfga_handler.go:135.26,138.18 3 0
github.com/pgvillage-tools/pgfga/internal/pgfga_handler.go:138.18,140.5 1 0
github.com/pgvillage-tools/pgfga/internal/pgfga_handler.go:142.4,143.18 2 0
github.com/pgvillage-tools/pgfga/internal/pgfga_handler.go:143.18,145.5 1 0
github.com/pgvillage-tools/pgfga/internal/pgfga_handler.go:146.4,147.18 2 0
github.com/pgvillage-tools/pgfga/internal/pgfga_handler.go:147.18,149.5 1 0
github.com/pgvillage-tools/pgfga/internal/pgfga_handler.go:150.11,151.72 1 0
github.com/pgvillage-tools/pgfga/internal/pgfga_handler.go:154.2,154.12 1 0
github.com/pgvillage-tools/pgfga/internal/pgfga_handler.go:157.55,159.2 1 0
github.com/pgvillage-tools/pgfga/internal/pgfga_handler.go:161.51,162.53 1 0
github.com/pgvillage-tools/pgfga/internal/pgfga_handler.go:162.53,164.49 2 0
github.com/pgvillage-tools/pgfga/internal/pgfga_handler.go:164.49,166.18 2 0
github.com/pgvillage-tools/pgfga/internal/pgfga_handler.go:166.18,168.5 1 0
github.com/pgvillage-tools/pgfga/internal/pgfga_handler.go:169.4,169.32 1 0
github.com/pgvillage-tools/pgfga/internal/pgfga_handler.go:171.3,172.17 2 0
github.com/pgvillage-tools/pgfga/internal/pgfga_handler.go:172.17,174.4 1 0
github.com/pgvillage-tools/pgfga/internal/pgfga_handler.go:175.3,175.49 1 0
github.com/pgvillage-tools/pgfga/internal/pgfga_handler.go:175.49,177.18 2 0
github.com/pgvillage-tools/pgfga/internal/pgfga_handler.go:177.18,179.5 1 0
github.com/pgvillage-tools/pgfga/internal/pgfga_handler.go:180.4,181.18 2 0
github.com/pgvillage-tools/pgfga/internal/pgfga_handler.go:181.18,183.5 1 0
github.com/pgvillage-tools/pgfga/internal/pgfga_handler.go:186.2,186.12 1 0
github.com/pgvillage-tools/pgfga/internal/pgfga_handler.go:188.51,190.2 1 0
github.com/pgvillage-tools/pgfga/pkg/ldap/config.go:10.32,11.22 1 0
github.com/pgvillage-tools/pgfga/pkg/ldap/config.go:11.22,13.3 1 0
github.com/pgvillage-tools/pgfga/pkg/ldap/config.go:16.49,18.16 2 0
github.com/pgvillage-tools/pgfga/pkg/ldap/config.go:18.16,20.3 1 0
github.com/pgvillage-tools/pgfga/pkg/ldap/config.go:21.2,21.18 1 0
github.com/pgvillage-tools/pgfga/pkg/ldap/config.go:24.52,26.16 2 0
github.com/pgvillage-tools/pgfga/pkg/ldap/config.go:26.16,28.3 1 0
github.com/pgvillage-tools/pgfga/pkg/ldap/config.go:29.2,29.17 1 0
github.com/pgvillage-tools/pgfga/pkg/ldap/credential.go:16.67,18.16 2 2
github.com/pgvillage-tools/pgfga/pkg/ldap/credential.go:18.16,20.3 1 0
github.com/pgvillage-tools/pgfga/pkg/ldap/credential.go:21.2,22.31 2 2
github.com/pgvillage-tools/pgfga/pkg/ldap/credential.go:25.64,31.16 2 0
github.com/pgvillage-tools/pgfga/pkg/ldap/credential.go:31.16,33.3 1 0
github.com/pgvillage-tools/pgfga/pkg/ldap/credential.go:34.2,34.25 1 0
github.com/pgvillage-tools/pgfga/pkg/ldap/credential.go:37.58,39.16 2 2
github.com/pgvillage-tools/pgfga/pkg/ldap/credential.go:39.16,41.3 1 0
github.com/pgvillage-tools/pgfga/pkg/ldap/credential.go:42.2,42.12 1 2
github.com/pgvillage-tools/pgfga/pkg/ldap/credential.go:42.12,44.3 1 0
github.com/pgvillage-tools/pgfga/pkg/ldap/credential.go:48.2,49.16 2 2
github.com/pgvillage-tools/pgfga/pkg/ldap/credential.go:49.16,51.3 1 0
github.com/pgvillage-tools/pgfga/pkg/ldap/credential.go:52.2,52.29 1 2
github.com/pgvillage-tools/pgfga/pkg/ldap/credential.go:55.48,57.35 2 4
github.com/pgvillage-tools/pgfga/pkg/ldap/credential.go:57.35,59.3 1 0
github.com/pgvillage-tools/pgfga/pkg/ldap/credential.go:60.2,60.19 1 4
github.com/pgvillage-tools/pgfga/pkg/ldap/credential.go:60.19,61.50 1 2
github.com/pgvillage-tools/pgfga/pkg/ldap/credential.go:61.50,63.4 1 0
github.com/pgvillage-tools/pgfga/pkg/ldap/credential.go:65.2,65.19 1 4
github.com/pgvillage-tools/pgfga/pkg/ldap/credential.go:65.19,67.3 1 0
github.com/pgvillage-tools/pgfga/pkg/ldap/credential.go:68.2,68.14 1 4
github.com/pgvillage-tools/pgfga/pkg/ldap/credential.go:68.14,70.17 2 2
github.com/pgvillage-tools/pgfga/pkg/ldap/credential.go:70.17,72.4 1 0
github.com/pgvillage-tools/pgfga/pkg/ldap/credential.go:73.3,75.20 3 2
github.com/pgvillage-tools/pgfga/pkg/ldap/credential.go:75.20,77.4 1 0
github.com/pgvillage-tools/pgfga/pkg/ldap/credential.go:79.2,79.21 1 4
github.com/pgvillage-tools/pgfga/pkg/ldap/handler.go:14.50,20.2 2 0
github.com/pgvillage-tools/pgfga/pkg/ldap/handler.go:22.42,23.20 1 0
github.com/pgvillage-tools/pgfga/pkg/ldap/handler.go:23.20,25.3 1 0
github.com/pgvillage-tools/pgfga/pkg/ldap/handler.go:26.2,26.44 1 0
github.com/pgvillage-tools/pgfga/pkg/ldap/handler.go:26.44,27.44 1 0
github.com/pgvillage-tools/pgfga/pkg/ldap/handler.go:27.44,29.18 2 0
github.com/pgvillage-tools/pgfga/pkg/ldap/handler.go:29.18,30.13 1 0
github.com/pgvillage-tools/pgfga/pkg/ldap/handler.go:32.4,33.18 2 0
github.com/pgvillage-tools/pgfga/pkg/ldap/handler.go:33.18,35.5 1 0
github.com/pgvillage-tools/pgfga/pkg/ldap/handler.go:36.4,37.18 2 0
github.com/pgvillage-tools/pgfga/pkg/ldap/handler.go:37.18,39.5 1 0
github.com/pgvillage-tools/pgfga/pkg/ldap/handler.go:40.4,41.18 2 0
github.com/pgvillage-tools/pgfga/pkg/ldap/handler.go:41.18,43.5 1 0
github.com/pgvillage-tools/pgfga/pkg/ldap/handler.go:44.4,45.14 2 0
github.com/pgvillage-tools/pgfga/pkg/ldap/handler.go:48.2,48.61 1 0
github.com/pgvillage-tools/pgfga/pkg/ldap/handler.go:51.91,53.16 2 0
github.com/pgvillage-tools/pgfga/pkg/ldap/handler.go:53.16,55.3 1 0
github.com/pgvillage-tools/pgfga/pkg/ldap/handler.go:56.2,57.16 2 0
github.com/pgvillage-tools/pgfga/pkg/ldap/handler.go:57.16,59.3 1 0
github.com/pgvillage-tools/pgfga/pkg/ldap/handler.go:60.2,63.16 3 0
github.com/pgvillage-tools/pgfga/pkg/ldap/handler.go:63.16,65.3 1 0
github.com/pgvillage-tools/pgfga/pkg/ldap/handler.go:67.2,67.35 1 0
github.com/pgvillage-tools/pgfga/pkg/ldap/handler.go:67.35,69.17 2 0
github.com/pgvillage-tools/pgfga/pkg/ldap/handler.go:69.17,71.4 1 0
github.com/pgvillage-tools/pgfga/pkg/ldap/handler.go:72.3,73.67 2 0
github.com/pgvillage-tools/pgfga/pkg/ldap/handler.go:73.67,75.18 2 0
github.com/pgvillage-tools/pgfga/pkg/ldap/handler.go:75.18,77.5 1 0
github.com/pgvillage-tools/pgfga/pkg/ldap/handler.go:78.4,80.18 3 0
github.com/pgvillage-tools/pgfga/pkg/ldap/handler.go:80.18,82.5 1 0
github.com/pgvillage-tools/pgfga/pkg/ldap/handler.go:83.4,83.53 1 0
github.com/pgvillage-tools/pgfga/pkg/ldap/handler.go:86.2,86.23 1 0
github.com/pgvillage-tools/pgfga/pkg/ldap/main.go:9.43,11.2 1 0
github.com/pgvillage-tools/pgfga/pkg/ldap/members.go:26.30,29.2 2 0
github.com/pgvillage-tools/pgfga/pkg/ldap/members.go:31.48,34.2 2 0
github.com/pgvillage-tools/pgfga/pkg/ldap/members.go:36.50,42.2 2 0
github.com/pgvillage-tools/pgfga/pkg/ldap/members.go:44.48,45.13 1 0
github.com/pgvillage-tools/pgfga/pkg/ldap/members.go:46.12,47.20 1 0
github.com/pgvillage-tools/pgfga/pkg/ldap/members.go:48.13,49.19 1 0
github.com/pgvillage-tools/pgfga/pkg/ldap/members.go:50.10,51.22 1 0
github.com/pgvillage-tools/pgfga/pkg/ldap/members.go:56.51,57.16 1 0
github.com/pgvillage-tools/pgfga/pkg/ldap/members.go:57.16,59.3 1 0
github.com/pgvillage-tools/pgfga/pkg/ldap/members.go:60.2,60.17 1 0
github.com/pgvillage-tools/pgfga/pkg/ldap/members.go:60.17,62.37 2 0
github.com/pgvillage-tools/pgfga/pkg/ldap/members.go:62.37,64.4 1 0
github.com/pgvillage-tools/pgfga/pkg/ldap/members.go:65.3,67.37 3 0
github.com/pgvillage-tools/pgfga/pkg/ldap/members.go:67.37,69.4 1 0
github.com/pgvillage-tools/pgfga/pkg/ldap/members.go:70.3,74.9 5 0
github.com/pgvillage-tools/pgfga/pkg/ldap/members.go:76.2,76.18 1 0
github.com/pgvillage-tools/pgfga/pkg/ldap/members.go:76.18,78.3 1 0
github.com/pgvillage-tools/pgfga/pkg/ldap/members.go:79.2,79.23 1 0
github.com/pgvillage-tools/pgfga/pkg/ldap/members.go:79.23,82.37 3 0
github.com/pgvillage-tools/pgfga/pkg/ldap/members.go:82.37,84.4 1 0
github.com/pgvillage-tools/pgfga/pkg/ldap/members.go:85.3,87.31 3 0
github.com/pgvillage-tools/pgfga/pkg/ldap/members.go:89.2,89.18 1 0
github.com/pgvillage-tools/pgfga/pkg/ldap/members.go:89.18,91.3 1 0
github.com/pgvillage-tools/pgfga/pkg/ldap/members.go:92.2,94.12 3 0
github.com/pgvillage-tools/pgfga/pkg/ldap/members.go:97.54,98.41 1 0
github.com/pgvillage-tools/pgfga/pkg/ldap/members.go:98.41,100.3 1 0
github.com/pgvillage-tools/pgfga/pkg/ldap/members.go:101.2,101.29 1 0
github.com/pgvillage-tools/pgfga/pkg/ldap/members.go:101.29,103.3 1 0
github.com/pgvillage-tools/pgfga/pkg/ldap/members.go:104.2,105.12 2 0
github.com/pgvillage-tools/pgfga/pkg/ldap/members.go:108.45,110.2 1 0
github.com/pgvillage-tools/pgfga/pkg/ldap/members.go:112.39,114.2 1 0
github.com/pgvillage-tools/pgfga/pkg/ldap/members.go:116.39,118.2 1 0
github.com/pgvillage-tools/pgfga/pkg/ldap/members.go:120.35,122.2 1 0
github.com/pgvillage-tools/pgfga/pkg/ldap/members.go:124.39,125.18 1 0
github.com/pgvillage-tools/pgfga/pkg/ldap/members.go:125.18,128.3 1 0
github.com/pgvillage-tools/pgfga/pkg/ldap/members.go:129.2,129.44 1 0
github.com/pgvillage-tools/pgfga/pkg/ldap/members.go:129.44,132.3 1 0
github.com/pgvillage-tools/pgfga/pkg/ldap/members.go:133.2,134.24 2 0
github.com/pgvillage-tools/pgfga/pkg/ldap/members.go:144.53,145.36 1 0
github.com/pgvillage-tools/pgfga/pkg/ldap/members.go:145.36,153.3 4 0
github.com/pgvillage-tools/pgfga/pkg/ldap/members.go:154.2,154.12 1 0
github.com/pgvillage-tools/pgfga/pkg/ldap/members.go:159.82,161.16 2 0
github.com/pgvillage-tools/pgfga/pkg/ldap/members.go:161.16,163.3 1 0
github.com/pgvillage-tools/pgfga/pkg/ldap/members.go:164.2,164.37 1 0
github.com/pgvillage-tools/pgfga/pkg/ldap/members.go:164.37,167.3 1 0
github.com/pgvillage-tools/pgfga/pkg/ldap/members.go:168.2,168.21 1 0
github.com/pgvillage-tools/pgfga/pkg/ldap/members.go:168.21,170.3 1 0
github.com/pgvillage-tools/pgfga/pkg/ldap/members.go:173.2,176.15 4 0
github.com/pgvillage-tools/pgfga/pkg/pg/conn.go:17.40,21.2 1 0
github.com/pgvillage-tools/pgfga/pkg/pg/conn.go:23.41,25.8 2 0
github.com/pgvillage-tools/pgfga/pkg/pg/conn.go:25.8,27.3 1 0
github.com/pgvillage-tools/pgfga/pkg/pg/conn.go:28.2,29.17 2 0
github.com/pgvillage-tools/pgfga/pkg/pg/conn.go:29.17,31.3 1 0
github.com/pgvillage-tools/pgfga/pkg/pg/conn.go:32.2,32.21 1 0
github.com/pgvillage-tools/pgfga/pkg/pg/conn.go:35.45,37.8 2 0
github.com/pgvillage-tools/pgfga/pkg/pg/conn.go:37.8,39.3 1 0
github.com/pgvillage-tools/pgfga/pkg/pg/conn.go:40.2,41.17 2 0
github.com/pgvillage-tools/pgfga/pkg/pg/conn.go:41.17,43.3 1 0
github.com/pgvillage-tools/pgfga/pkg/pg/conn.go:44.2,45.16 2 0
github.com/pgvillage-tools/pgfga/pkg/pg/conn.go:45.16,46.41 1 0
github.com/pgvillage-tools/pgfga/pkg/pg/conn.go:48.2,48.29 1 0
github.com/pgvillage-tools/pgfga/pkg/pg/conn.go:51.35,53.39 2 0
github.com/pgvillage-tools/pgfga/pkg/pg/conn.go:53.39,55.3 1 0
github.com/pgvillage-tools/pgfga/pkg/pg/conn.go:56.2,56.36 1 0
github.com/pgvillage-tools/pgfga/pkg/pg/conn.go:59.38,60.19 1 0
github.com/pgvillage-tools/pgfga/pkg/pg/conn.go:60.19,61.24 1 0
github.com/pgvillage-tools/pgfga/pkg/pg/conn.go:61.24,63.4 1 0
github.com/pgvillage-tools/pgfga/pkg/pg/conn.go:63.9,65.4 1 0
github.com/pgvillage-tools/pgfga/pkg/pg/conn.go:67.2,68.16 2 0
github.com/pgvillage-tools/pgfga/pkg/pg/conn.go:68.16,71.3 2 0
github.com/pgvillage-tools/pgfga/pkg/pg/conn.go:72.2,72.12 1 0
github.com/pgvillage-tools/pgfga/pkg/pg/conn.go:75.91,77.16 2 0
github.com/pgvillage-tools/pgfga/pkg/pg/conn.go:77.16,79.3 1 0
github.com/pgvillage-tools/pgfga/pkg/pg/conn.go:80.2,82.26 3 0
github.com/pgvillage-tools/pgfga/pkg/pg/conn.go:82.26,84.3 1 0
github.com/pgvillage-tools/pgfga/pkg/pg/conn.go:85.2,85.16 1 0
github.com/pgvillage-tools/pgfga/pkg/pg/conn.go:85.16,87.3 1 0
github.com/pgvillage-tools/pgfga/pkg/pg/conn.go:88.2,88.19 1 0
github.com/pgvillage-tools/pgfga/pkg/pg/conn.go:91.76,93.16 2 0
github.com/pgvillage-tools/pgfga/pkg/pg/conn.go:93.16,95.3 1 0
github.com/pgvillage-tools/pgfga/pkg/pg/conn.go:96.2,97.12 2 0
github.com/pgvillage-tools/pgfga/pkg/pg/conn.go:100.98,102.16 2 0
github.com/pgvillage-tools/pgfga/pkg/pg/conn.go:102.16,104.3 1 0
github.com/pgvillage-tools/pgfga/pkg/pg/conn.go:106.2,107.16 2 0
github.com/pgvillage-tools/pgfga/pkg/pg/conn.go:107.16,109.3 1 0
github.com/pgvillage-tools/pgfga/pkg/pg/conn.go:110.2,110.20 1 0
github.com/pgvillage-tools/pgfga/pkg/pg/database.go:22.77,24.12 2 0
github.com/pgvillage-tools/pgfga/pkg/pg/database.go:24.12,25.24 1 0
github.com/pgvillage-tools/pgfga/pkg/pg/database.go:25.24,29.4 2 0
github.com/pgvillage-tools/pgfga/pkg/pg/database.go:30.3,30.12 1 0
github.com/pgvillage-tools/pgfga/pkg/pg/database.go:32.2,40.10 4 0
github.com/pgvillage-tools/pgfga/pkg/pg/database.go:44.34,45.19 1 0
github.com/pgvillage-tools/pgfga/pkg/pg/database.go:45.19,47.3 1 0
github.com/pgvillage-tools/pgfga/pkg/pg/database.go:48.2,48.38 1 0
github.com/pgvillage-tools/pgfga/pkg/pg/database.go:48.38,51.3 2 0
github.com/pgvillage-tools/pgfga/pkg/pg/database.go:54.48,55.19 1 0
github.com/pgvillage-tools/pgfga/pkg/pg/database.go:55.19,57.3 1 0
github.com/pgvillage-tools/pgfga/pkg/pg/database.go:59.2,59.39 1 0
github.com/pgvillage-tools/pgfga/pkg/pg/database.go:59.39,62.3 2 0
github.com/pgvillage-tools/pgfga/pkg/pg/database.go:64.2,65.52 2 0
github.com/pgvillage-tools/pgfga/pkg/pg/database.go:65.52,67.3 1 0
github.com/pgvillage-tools/pgfga/pkg/pg/database.go:68.2,70.15 3 0
github.com/pgvillage-tools/pgfga/pkg/pg/database.go:73.39,75.34 2 0
github.com/pgvillage-tools/pgfga/pkg/pg/database.go:75.34,78.3 2 0
github.com/pgvillage-tools/pgfga/pkg/pg/database.go:79.2,80.16 2 0
github.com/pgvillage-tools/pgfga/pkg/pg/database.go:80.16,82.3 1 0
github.com/pgvillage-tools/pgfga/pkg/pg/database.go:83.2,83.12 1 0
github.com/pgvillage-tools/pgfga/pkg/pg/database.go:83.12,85.17 2 0
github.com/pgvillage-tools/pgfga/pkg/pg/database.go:85.17,87.4 1 0
github.com/pgvillage-tools/pgfga/pkg/pg/database.go:88.3,88.57 1 0
github.com/pgvillage-tools/pgfga/pkg/pg/database.go:90.2,91.12 2 0
github.com/pgvillage-tools/pgfga/pkg/pg/database.go:94.40,98.16 3 0
github.com/pgvillage-tools/pgfga/pkg/pg/database.go:98.16,100.3 1 0
github.com/pgvillage-tools/pgfga/pkg/pg/database.go:101.2,101.13 1 0
github.com/pgvillage-tools/pgfga/pkg/pg/database.go:101.13,103.17 2 0
github.com/pgvillage-tools/pgfga/pkg/pg/database.go:103.17,105.4 1 0
github.com/pgvillage-tools/pgfga/pkg/pg/database.go:106.3,106.57 1 0
github.com/pgvillage-tools/pgfga/pkg/pg/database.go:108.2,109.16 2 0
github.com/pgvillage-tools/pgfga/pkg/pg/database.go:109.16,111.3 1 0
github.com/pgvillage-tools/pgfga/pkg/pg/database.go:112.2,112.13 1 0
github.com/pgvillage-tools/pgfga/pkg/pg/database.go:112.13,115.17 2 0
github.com/pgvillage-tools/pgfga/pkg/pg/database.go:115.17,117.4 1 0
github.com/pgvillage-tools/pgfga/pkg/pg/database.go:119.3,120.17 2 0
github.com/pgvillage-tools/pgfga/pkg/pg/database.go:120.17,122.4 1 0
github.com/pgvillage-tools/pgfga/pkg/pg/database.go:123.3,123.83 1 0
github.com/pgvillage-tools/pgfga/pkg/pg/database.go:125.2,126.16 2 0
github.com/pgvillage-tools/pgfga/pkg/pg/database.go:126.16,128.3 1 0
github.com/pgvillage-tools/pgfga/pkg/pg/database.go:129.2,130.16 2 0
github.com/pgvillage-tools/pgfga/pkg/pg/database.go:130.16,132.3 1 0
github.com/pgvillage-tools/pgfga/pkg/pg/database.go:133.2,135.16 3 0
github.com/pgvillage-tools/pgfga/pkg/pg/database.go:135.16,137.3 1 0
github.com/pgvillage-tools/pgfga/pkg/pg/database.go:138.2,138.46 1 0
github.com/pgvillage-tools/pgfga/pkg/pg/database.go:141.74,144.16 3 0
github.com/pgvillage-tools/pgfga/pkg/pg/database.go:144.16,146.3 1 0
github.com/pgvillage-tools/pgfga/pkg/pg/database.go:147.2,155.6 5 0
github.com/pgvillage-tools/pgfga/pkg/pg/database.go:155.6,157.31 2 0
github.com/pgvillage-tools/pgfga/pkg/pg/database.go:157.31,158.9 1 0
github.com/pgvillage-tools/pgfga/pkg/pg/database.go:159.9,159.28 1 0
github.com/pgvillage-tools/pgfga/pkg/pg/database.go:159.28,161.4 1 0
github.com/pgvillage-tools/pgfga/pkg/pg/database.go:162.3,162.36 1 0
github.com/pgvillage-tools/pgfga/pkg/pg/database.go:164.2,164.33 1 0
github.com/pgvillage-tools/pgfga/pkg/pg/database.go:164.33,167.17 2 0
github.com/pgvillage-tools/pgfga/pkg/pg/database.go:167.17,169.4 1 0
github.com/pgvillage-tools/pgfga/pkg/pg/database.go:170.3,170.124 1 0
github.com/pgvillage-tools/pgfga/pkg/pg/database.go:172.2,172.12 1 0
github.com/pgvillage-tools/pgfga/pkg/pg/database.go:175.103,177.16 2 0
github.com/pgvillage-tools/pgfga/pkg/pg/database.go:177.16,179.3 1 0
github.com/pgvillage-tools/pgfga/pkg/pg/database.go:180.2,181.15 2 0
github.com/pgvillage-tools/pgfga/pkg/pg/database.go:184.57,185.33 1 0
github.com/pgvillage-tools/pgfga/pkg/pg/database.go:185.33,186.21 1 0
github.com/pgvillage-tools/pgfga/pkg/pg/database.go:186.21,188.4 1 0
github.com/pgvillage-tools/pgfga/pkg/pg/database.go:188.9,190.4 1 0
github.com/pgvillage-tools/pgfga/pkg/pg/database.go:191.3,191.17 1 0
github.com/pgvillage-tools/pgfga/pkg/pg/database.go:191.17,193.4 1 0
github.com/pgvillage-tools/pgfga/pkg/pg/database.go:195.2,195.12 1 0
github.com/pgvillage-tools/pgfga/pkg/pg/extension.go:18.103,20.12 2 0
github.com/pgvillage-tools/pgfga/pkg/pg/extension.go:20.12,21.57 1 0
github.com/pgvillage-tools/pgfga/pkg/pg/extension.go:21.57,24.4 1 0
github.com/pgvillage-tools/pgfga/pkg/pg/extension.go:25.3,25.18 1 0
github.com/pgvillage-tools/pgfga/pkg/pg/extension.go:27.2,35.15 3 0
github.com/pgvillage-tools/pgfga/pkg/pg/extension.go:38.40,41.44 3 0
github.com/pgvillage-tools/pgfga/pkg/pg/extension.go:41.44,44.3 2 0
github.com/pgvillage-tools/pgfga/pkg/pg/extension.go:45.2,47.16 3 0
github.com/pgvillage-tools/pgfga/pkg/pg/extension.go:47.16,49.3 1 0
github.com/pgvillage-tools/pgfga/pkg/pg/extension.go:50.2,50.13 1 0
github.com/pgvillage-tools/pgfga/pkg/pg/extension.go:50.13,52.3 1 0
github.com/pgvillage-tools/pgfga/pkg/pg/extension.go:54.2,56.16 3 0
github.com/pgvillage-tools/pgfga/pkg/pg/extension.go:56.16,58.3 1 0
github.com/pgvillage-tools/pgfga/pkg/pg/extension.go:59.2,61.12 3 0
github.com/pgvillage-tools/pgfga/pkg/pg/extension.go:64.41,69.16 3 0
github.com/pgvillage-tools/pgfga/pkg/pg/extension.go:69.16,71.3 1 0
github.com/pgvillage-tools/pgfga/pkg/pg/extension.go:72.2,72.13 1 0
github.com/pgvillage-tools/pgfga/pkg/pg/extension.go:72.13,74.3 1 0
github.com/pgvillage-tools/pgfga/pkg/pg/extension.go:75.2,77.16 2 0
github.com/pgvillage-tools/pgfga/pkg/pg/extension.go:77.16,79.3 1 0
github.com/pgvillage-tools/pgfga/pkg/pg/extension.go:80.2,80.13 1 0
github.com/pgvillage-tools/pgfga/pkg/pg/extension.go:80.13,82.3 1 0
github.com/pgvillage-tools/pgfga/pkg/pg/extension.go:83.2,84.16 2 0
github.com/pgvillage-tools/pgfga/pkg/pg/extension.go:84.16,86.3 1 0
github.com/pgvillage-tools/pgfga/pkg/pg/extension.go:87.2,87.13 1 0
github.com/pgvillage-tools/pgfga/pkg/pg/extension.go:87.13,89.21 2 0
github.com/pgvillage-tools/pgfga/pkg/pg/extension.go:89.21,91.4 1 0
github.com/pgvillage-tools/pgfga/pkg/pg/extension.go:92.3,92.22 1 0
github.com/pgvillage-tools/pgfga/pkg/pg/extension.go:92.22,94.4 1 0
github.com/pgvillage-tools/pgfga/pkg/pg/extension.go:95.3,96.17 2 0
github.com/pgvillage-tools/pgfga/pkg/pg/extension.go:96.17,98.4 1 0
github.com/pgvillage-tools/pgfga/pkg/pg/extension.go:99.3,100.13 2 0
github.com/pgvillage-tools/pgfga/pkg/pg/extension.go:102.2,102.21 1 0
github.com/pgvillage-tools/pgfga/pkg/pg/extension.go:102.21,104.17 2 0
github.com/pgvillage-tools/pgfga/pkg/pg/extension.go:104.17,106.4 1 0
github.com/pgvillage-tools/pgfga/pkg/pg/extension.go:107.3,107.34 1 0
github.com/pgvillage-tools/pgfga/pkg/pg/extension.go:107.34,110.18 2 0
github.com/pgvillage-tools/pgfga/pkg/pg/extension.go:110.18,112.5 1 0
github.com/pgvillage-tools/pgfga/pkg/pg/extension.go:113.4,113.102 1 0
github.com/pgvillage-tools/pgfga/pkg/pg/extension.go:116.2,116.20 1 0
github.com/pgvillage-tools/pgfga/pkg/pg/extension.go:116.20,122.17 3 0
github.com/pgvillage-tools/pgfga/pkg/pg/extension.go:122.17,124.4 1 0
github.com/pgvillage-tools/pgfga/pkg/pg/extension.go:125.3,125.32 1 0
github.com/pgvillage-tools/pgfga/pkg/pg/extension.go:125.32,127.18 2 0
github.com/pgvillage-tools/pgfga/pkg/pg/extension.go:127.18,129.5 1 0
github.com/pgvillage-tools/pgfga/pkg/pg/extension.go:130.4,130.98 1 0
github.com/pgvillage-tools/pgfga/pkg/pg/extension.go:133.2,133.12 1 0
github.com/pgvillage-tools/pgfga/pkg/pg/handler.go:11.109,19.33 2 0
github.com/pgvillage-tools/pgfga/pkg/pg/handler.go:19.33,22.3 2 0
github.com/pgvillage-tools/pgfga/pkg/pg/handler.go:23.2,24.11 2 0
github.com/pgvillage-tools/pgfga/pkg/pg/handler.go:27.34,28.37 1 0
github.com/pgvillage-tools/pgfga/pkg/pg/handler.go:28.37,32.3 3 0
github.com/pgvillage-tools/pgfga/pkg/pg/handler.go:33.2,33.33 1 0
github.com/pgvillage-tools/pgfga/pkg/pg/handler.go:33.33,36.3 2 0
github.com/pgvillage-tools/pgfga/pkg/pg/handler.go:39.55,42.2 1 0
github.com/pgvillage-tools/pgfga/pkg/pg/handler.go:44.66,47.2 1 0
github.com/pgvillage-tools/pgfga/pkg/pg/handler.go:49.82,52.16 2 0
github.com/pgvillage-tools/pgfga/pkg/pg/handler.go:52.16,54.3 1 0
github.com/pgvillage-tools/pgfga/pkg/pg/handler.go:55.2,56.16 2 0
github.com/pgvillage-tools/pgfga/pkg/pg/handler.go:56.16,58.3 1 0
github.com/pgvillage-tools/pgfga/pkg/pg/handler.go:59.2,59.35 1 0
github.com/pgvillage-tools/pgfga/pkg/pg/handler.go:61.56,62.33 1 0
github.com/pgvillage-tools/pgfga/pkg/pg/handler.go:62.33,63.21 1 0
github.com/pgvillage-tools/pgfga/pkg/pg/handler.go:63.21,65.4 1 0
github.com/pgvillage-tools/pgfga/pkg/pg/handler.go:65.9,67.4 1 0
github.com/pgvillage-tools/pgfga/pkg/pg/handler.go:68.3,68.17 1 0
github.com/pgvillage-tools/pgfga/pkg/pg/handler.go:68.17,70.4 1 0
github.com/pgvillage-tools/pgfga/pkg/pg/handler.go:72.2,72.12 1 0
github.com/pgvillage-tools/pgfga/pkg/pg/handler.go:75.52,76.29 1 0
github.com/pgvillage-tools/pgfga/pkg/pg/handler.go:76.29,77.21 1 0
github.com/pgvillage-tools/pgfga/pkg/pg/handler.go:77.21,79.4 1 0
github.com/pgvillage-tools/pgfga/pkg/pg/handler.go:79.9,81.4 1 0
github.com/pgvillage-tools/pgfga/pkg/pg/handler.go:82.3,82.17 1 0
github.com/pgvillage-tools/pgfga/pkg/pg/handler.go:82.17,84.4 1 0
github.com/pgvillage-tools/pgfga/pkg/pg/handler.go:86.2,86.12 1 0
github.com/pgvillage-tools/pgfga/pkg/pg/handler.go:89.49,91.2 1 0
github.com/pgvillage-tools/pgfga/pkg/pg/handler.go:93.53,95.2 1 0
github.com/pgvillage-tools/pgfga/pkg/pg/handler.go:96.54,98.2 1 0
github.com/pgvillage-tools/pgfga/pkg/pg/main.go:12.44,14.2 1 0
github.com/pgvillage-tools/pgfga/pkg/pg/main.go:28.53,30.2 1 0
github.com/pgvillage-tools/pgfga/pkg/pg/main.go:33.57,35.2 1 0
github.com/pgvillage-tools/pgfga/pkg/pg/main.go:38.61,40.2 1 0
github.com/pgvillage-tools/pgfga/pkg/pg/replicationslot.go:11.67,12.47 1 0
github.com/pgvillage-tools/pgfga/pkg/pg/replicationslot.go:12.47,14.3 1 0
github.com/pgvillage-tools/pgfga/pkg/pg/replicationslot.go:15.2,21.11 3 0
github.com/pgvillage-tools/pgfga/pkg/pg/replicationslot.go:24.46,26.30 2 0
github.com/pgvillage-tools/pgfga/pkg/pg/replicationslot.go:26.30,29.3 2 0
github.com/pgvillage-tools/pgfga/pkg/pg/replicationslot.go:30.2,31.16 2 0
github.com/pgvillage-tools/pgfga/pkg/pg/replicationslot.go:31.16,33.3 1 0
github.com/pgvillage-tools/pgfga/pkg/pg/replicationslot.go:34.2,34.12 1 0
github.com/pgvillage-tools/pgfga/pkg/pg/replicationslot.go:34.12,36.17 2 0
github.com/pgvillage-tools/pgfga/pkg/pg/replicationslot.go:36.17,38.4 1 0
github.com/pgvillage-tools/pgfga/pkg/pg/replicationslot.go:39.3,39.66 1 0
github.com/pgvillage-tools/pgfga/pkg/pg/replicationslot.go:41.2,41.12 1 0
github.com/pgvillage-tools/pgfga/pkg/pg/replicationslot.go:44.48,48.16 3 0
github.com/pgvillage-tools/pgfga/pkg/pg/replicationslot.go:48.16,50.3 1 0
github.com/pgvillage-tools/pgfga/pkg/pg/replicationslot.go:51.2,51.13 1 0
github.com/pgvillage-tools/pgfga/pkg/pg/replicationslot.go:51.13,53.17 2 0
github.com/pgvillage-tools/pgfga/pkg/pg/replicationslot.go:53.17,55.4 1 0
github.com/pgvillage-tools/pgfga/pkg/pg/replicationslot.go:56.3,56.54 1 0
github.com/pgvillage-tools/pgfga/pkg/pg/replicationslot.go:58.2,58.12 1 0
github.com/pgvillage-tools/pgfga/pkg/pg/role.go:24.100,26.12 2 0
github.com/pgvillage-tools/pgfga/pkg/pg/role.go:26.12,27.40 1 0
github.com/pgvillage-tools/pgfga/pkg/pg/role.go:27.40,28.35 1 0
github.com/pgvillage-tools/pgfga/pkg/pg/role.go:28.35,31.5 1 0
github.com/pgvillage-tools/pgfga/pkg/pg/role.go:33.3,33.34 1 0
github.com/pgvillage-tools/pgfga/pkg/pg/role.go:33.34,35.4 1 0
github.com/pgvillage-tools/pgfga/pkg/pg/role.go:36.3,36.20 1 0
github.com/pgvillage-tools/pgfga/pkg/pg/role.go:38.2,44.18 2 0
github.com/pgvillage-tools/pgfga/pkg/pg/role.go:44.18,46.3 1 0
github.com/pgvillage-tools/pgfga/pkg/pg/role.go:46.8,48.3 1 0
github.com/pgvillage-tools/pgfga/pkg/pg/role.go:49.2,49.16 1 0
github.com/pgvillage-tools/pgfga/pkg/pg/role.go:49.16,51.3 1 0
github.com/pgvillage-tools/pgfga/pkg/pg/role.go:52.2,53.15 2 0
github.com/pgvillage-tools/pgfga/pkg/pg/role.go:56.35,59.29 3 0
github.com/pgvillage-tools/pgfga/pkg/pg/role.go:59.29,62.3 2 0
github.com/pgvillage-tools/pgfga/pkg/pg/role.go:63.2,65.16 3 0
github.com/pgvillage-tools/pgfga/pkg/pg/role.go:65.16,67.3 1 0
github.com/pgvillage-tools/pgfga/pkg/pg/role.go:68.2,68.13 1 0
github.com/pgvillage-tools/pgfga/pkg/pg/role.go:68.13,71.3 2 0
github.com/pgvillage-tools/pgfga/pkg/pg/role.go:72.2,77.6 5 0
github.com/pgvillage-tools/pgfga/pkg/pg/role.go:77.6,79.31 2 0
github.com/pgvillage-tools/pgfga/pkg/pg/role.go:79.31,80.9 1 0
github.com/pgvillage-tools/pgfga/pkg/pg/role.go:81.9,81.28 1 0
github.com/pgvillage-tools/pgfga/pkg/pg/role.go:81.28,83.4 1 0
github.com/pgvillage-tools/pgfga/pkg/pg/role.go:84.3,86.17 3 0
github.com/pgvillage-tools/pgfga/pkg/pg/role.go:86.17,88.4 1 0
github.com/pgvillage-tools/pgfga/pkg/pg/role.go:89.3,89.92 1 0
github.com/pgvillage-tools/pgfga/pkg/pg/role.go:91.2,92.16 2 0
github.com/pgvillage-tools/pgfga/pkg/pg/role.go:92.16,94.3 1 0
github.com/pgvillage-tools/pgfga/pkg/pg/role.go:95.2,97.12 3 0
github.com/pgvillage-tools/pgfga/pkg/pg/role.go:100.36,103.16 3 0
github.com/pgvillage-tools/pgfga/pkg/pg/role.go:103.16,105.3 1 0
github.com/pgvillage-tools/pgfga/pkg/pg/role.go:106.2,106.13 1 0
github.com/pgvillage-tools/pgfga/pkg/pg/role.go:106.13,108.17 2 0
github.com/pgvillage-tools/pgfga/pkg/pg/role.go:108.17,110.4 1 0
github.com/pgvillage-tools/pgfga/pkg/pg/role.go:111.3,111.53 1 0
github.com/pgvillage-tools/pgfga/pkg/pg/role.go:113.2,113.35 1 0
github.com/pgvillage-tools/pgfga/pkg/pg/role.go:113.35,115.17 2 0
github.com/pgvillage-tools/pgfga/pkg/pg/role.go:115.17,117.4 1 0
github.com/pgvillage-tools/pgfga/pkg/pg/role.go:119.2,119.12 1 0
github.com/pgvillage-tools/pgfga/pkg/pg/role.go:122.60,126.16 4 0
github.com/pgvillage-tools/pgfga/pkg/pg/role.go:126.16,128.3 1 0
github.com/pgvillage-tools/pgfga/pkg/pg/role.go:129.2,129.13 1 0
github.com/pgvillage-tools/pgfga/pkg/pg/role.go:129.13,131.17 2 0
github.com/pgvillage-tools/pgfga/pkg/pg/role.go:131.17,133.4 1 0
github.com/pgvillage-tools/pgfga/pkg/pg/role.go:134.3,134.79 1 0
github.com/pgvillage-tools/pgfga/pkg/pg/role.go:136.2,136.12 1 0
github.com/pgvillage-tools/pgfga/pkg/pg/role.go:139.56,147.16 4 0
github.com/pgvillage-tools/pgfga/pkg/pg/role.go:147.16,149.3 1 0
github.com/pgvillage-tools/pgfga/pkg/pg/role.go:150.2,150.13 1 0
github.com/pgvillage-tools/pgfga/pkg/pg/role.go:150.13,152.17 2 0
github.com/pgvillage-tools/pgfga/pkg/pg/role.go:152.17,154.4 1 0
github.com/pgvillage-tools/pgfga/pkg/pg/role.go:155.3,155.84 1 0
github.com/pgvillage-tools/pgfga/pkg/pg/role.go:156.8,158.3 1 0
github.com/pgvillage-tools/pgfga/pkg/pg/role.go:159.2,159.12 1 0
github.com/pgvillage-tools/pgfga/pkg/pg/role.go:162.55,170.16 4 0
github.com/pgvillage-tools/pgfga/pkg/pg/role.go:170.16,172.3 1 0
github.com/pgvillage-tools/pgfga/pkg/pg/role.go:173.2,173.12 1 0
github.com/pgvillage-tools/pgfga/pkg/pg/role.go:173.12,175.17 2 0
github.com/pgvillage-tools/pgfga/pkg/pg/role.go:175.17,177.4 1 0
github.com/pgvillage-tools/pgfga/pkg/pg/role.go:178.3,178.78 1 0
github.com/pgvillage-tools/pgfga/pkg/pg/role.go:180.2,180.12 1 0
github.com/pgvillage-tools/pgfga/pkg/pg/role.go:183.56,184.20 1 0
github.com/pgvillage-tools/pgfga/pkg/pg/role.go:184.20,186.3 1 0
github.com/pgvillage-tools/pgfga/pkg/pg/role.go:187.2,188.63 2 0
github.com/pgvillage-tools/pgfga/pkg/pg/role.go:188.63,190.3 1 0
github.com/pgvillage-tools/pgfga/pkg/pg/role.go:190.8,193.3 1 0
github.com/pgvillage-tools/pgfga/pkg/pg/role.go:194.2,199.16 4 0
github.com/pgvillage-tools/pgfga/pkg/pg/role.go:199.16,201.3 1 0
github.com/pgvillage-tools/pgfga/pkg/pg/role.go:202.2,202.12 1 0
github.com/pgvillage-tools/pgfga/pkg/pg/role.go:202.12,205.17 2 0
github.com/pgvillage-tools/pgfga/pkg/pg/role.go:205.17,207.4 1 0
github.com/pgvillage-tools/pgfga/pkg/pg/role.go:208.3,208.66 1 0
github.com/pgvillage-tools/pgfga/pkg/pg/role.go:210.2,210.12 1 0
github.com/pgvillage-tools/pgfga/pkg/pg/role.go:213.43,218.16 4 0
github.com/pgvillage-tools/pgfga/pkg/pg/role.go:218.16,220.3 1 0
github.com/pgvillage-tools/pgfga/pkg/pg/role.go:221.2,221.12 1 0
github.com/pgvillage-tools/pgfga/pkg/pg/role.go:221.12,223.17 2 0
github.com/pgvillage-tools/pgfga/pkg/pg/role.go:223.17,225.4 1 0
github.com/pgvillage-tools/pgfga/pkg/pg/role.go:226.3,226.66 1 0
github.com/pgvillage-tools/pgfga/pkg/pg/role.go:228.2,228.12 1 0
github.com/pgvillage-tools/pgfga/pkg/pg/role.go:231.55,232.21 1 0
github.com/pgvillage-tools/pgfga/pkg/pg/role.go:232.21,234.3 1 0
github.com/pgvillage-tools/pgfga/pkg/pg/role.go:235.2,240.16 5 0
github.com/pgvillage-tools/pgfga/pkg/pg/role.go:240.16,242.3 1 0
github.com/pgvillage-tools/pgfga/pkg/pg/role.go:243.2,243.12 1 0
github.com/pgvillage-tools/pgfga/pkg/pg/role.go:243.12,246.17 2 0
github.com/pgvillage-tools/pgfga/pkg/pg/role.go:246.17,248.4 1 0
github.com/pgvillage-tools/pgfga/pkg/pg/role.go:249.3,249.64 1 0
github.com/pgvillage-tools/pgfga/pkg/pg/role.go:251.2,251.12 1 0
github.com/pgvillage-tools/pgfga/pkg/pg/role.go:254.41,258.16 4 0
github.com/pgvillage-tools/pgfga/pkg/pg/role.go:258.16,260.3 1 0
github.com/pgvillage-tools/pgfga/pkg/pg/role.go:261.2,261.12 1 0
github.com/pgvillage-tools/pgfga/pkg/pg/role.go:261.12,263.17 2 0
github.com/pgvillage-tools/pgfga/pkg/pg/role.go:263.17,265.4 1 0
github.com/pgvillage-tools/pgfga/pkg/pg/role.go:266.3,266.62 1 0
github.com/pgvillage-tools/pgfga/pkg/pg/role.go:268.2,268.12 1 0
github.com/pgvillage-tools/pgfga/pkg/pg/roleoptions.go:14.61,16.39 2 0
github.com/pgvillage-tools/pgfga/pkg/pg/roleoptions.go:16.39,19.3 2 0
github.com/pgvillage-tools/pgfga/pkg/pg/roleoptions.go:19.8,21.3 1 0
github.com/pgvillage-tools/pgfga/pkg/pg/roleoptions.go:22.2,22.51 1 0
github.com/pgvillage-tools/pgfga/pkg/pg/roleoptions.go:22.51,25.3 2 0
github.com/pgvillage-tools/pgfga/pkg/pg/roleoptions.go:26.2,27.41 2 0
github.com/pgvillage-tools/pgfga/pkg/pg/roleoptions.go:27.41,29.3 1 0
github.com/pgvillage-tools/pgfga/pkg/pg/roleoptions.go:30.2,30.124 1 0
github.com/pgvillage-tools/pgfga/pkg/pg/roleoptions.go:33.46,35.2 1 0
github.com/pgvillage-tools/pgfga/pkg/pg/roleoptions.go:37.46,39.50 2 0
github.com/pgvillage-tools/pgfga/pkg/pg/roleoptions.go:39.50,41.3 1 0
github.com/pgvillage-tools/pgfga/pkg/pg/roleoptions.go:42.2,42.17 1 0
github.com/pgvillage-tools/pgfga/pkg/pg/roleoptions.go:42.17,44.3 1 0
github.com/pgvillage-tools/pgfga/pkg/pg/roleoptions.go:45.2,45.34 1 0
github.com/pgvillage-tools/pgfga/pkg/pg/roleoptions.go:48.42,49.17 1 0
github.com/pgvillage-tools/pgfga/pkg/pg/roleoptions.go:49.17,51.3 1 0
github.com/pgvillage-tools/pgfga/pkg/pg/roleoptions.go:52.2,52.39 1 0
github.com/pgvillage-tools/pgfga/pkg/pg/roleoptions.go:54.53,60.2 1 0
github.com/pgvillage-tools/pgfga/pkg/pg/roleoptions.go:74.58,76.2 1 0
github.com/pgvillage-tools/pgfga/pkg/pg/roleoptions.go:79.79,81.41 2 0
github.com/pgvillage-tools/pgfga/pkg/pg/roleoptions.go:81.41,83.3 1 0
github.com/pgvillage-tools/pgfga/pkg/pg/roleoptions.go:84.2,85.16 2 0
github.com/pgvillage-tools/pgfga/pkg/pg/roleoptions.go:85.16,87.3 1 0
github.com/pgvillage-tools/pgfga/pkg/pg/roleoptions.go:88.2,91.12 4 0
github.com/pgvillage-tools/pgfga/pkg/pg/roleoptions.go:96.49,98.2 1 0
github.com/pgvillage-tools/pgfga/pkg/pg/state.go:31.32,32.28 1 0
github.com/pgvillage-tools/pgfga/pkg/pg/state.go:32.28,34.3 1 0
github.com/pgvillage-tools/pgfga/pkg/pg/state.go:35.2,35.18 1 0
github.com/pgvillage-tools/pgfga/pkg/pg/state.go:38.28,40.2 1 0
github.com/pgvillage-tools/pgfga/pkg/pg/state.go:43.51,45.2 1 0
github.com/pgvillage-tools/pgfga/pkg/pg/state.go:48.72,50.40 2 0
github.com/pgvillage-tools/pgfga/pkg/pg/state.go:50.40,52.3 1 0
github.com/pgvillage-tools/pgfga/pkg/pg/state.go:53.2,54.43 2 0
github.com/pgvillage-tools/pgfga/pkg/pg/state.go:54.43,57.3 2 0
github.com/pgvillage-tools/pgfga/pkg/pg/state.go:58.2,58.74 1 0
